-------------------------------------------------------------------------------
Test set: Login page feature
-------------------------------------------------------------------------------
Tests run: 3, Failures: 1, Errors: 0, Skipped: 0, Time elapsed: 74.841 s <<< FAILURE! - in Login page feature
Login with Correct credentials(Login page feature)  Time elapsed: 15.287 s  <<< FAILURE!
java.lang.AssertionError

