<?xml version="1.0" encoding="UTF-8"?>
<testsuite xmlns:xsi="http://www.w3.org/2001/XMLSchema-instance" xsi:noNamespaceSchemaLocation="https://maven.apache.org/surefire/maven-failsafe-plugin/xsd/failsafe-test-report-3.0.xsd" version="3.0" name="Login page feature" time="74.841" tests="3" errors="0" skipped="0" failures="1">
  <properties>
[...]
</properties>
  <testcase name="Login page title" classname="Login page feature" time="34.427"/>
  <testcase name="Forgot password link" classname="Login page feature" time="25.126"/>
  <testcase name="Login with Correct credentials" classname="Login page feature" time="15.287">
    <failure type="java.lang.AssertionError">java.lang.AssertionError
</failure>
    <system-out><![CDATA[
Scenario: Login with Correct credentials            # src/test/resources/com/Feature/loginPage.feature:13
  Given user is on login page                       # stepdefinitions.LoginPageSteps.user_is_on_login_page()
  When user enters username "yuvraj26707@gmail.com" # stepdefinitions.LoginPageSteps.user_enters_username(java.lang.String)
  And user enters password "Selenum@12345"          # stepdefinitions.LoginPageSteps.user_enters_password(java.lang.String)
  And user clicks on Login button                   # stepdefinitions.LoginPageSteps.user_clicks_on_login_button()
titleLogin - My Store
  Then user gets the title of the page              # stepdefinitions.LoginPageSteps.user_gets_the_title_of_the_page()
  And page title should be "My account - My Store"  # stepdefinitions.LoginPageSteps.page_title_should_be(java.lang.String)
      java.lang.AssertionError
	at org.junit.Assert.fail(Assert.java:87)
	at org.junit.Assert.assertTrue(Assert.java:42)
	at org.junit.Assert.assertTrue(Assert.java:53)
	at stepdefinitions.LoginPageSteps.page_title_should_be(LoginPageSteps.java:30)
	at âœ½.page title should be "My account - My Store"(file:///C:/Users/Bijendra/eclipse-workspace/CucumberFrameworkDesignPractice/src/test/resources/com/Feature/loginPage.feature:19)


    Embedding Login_with_Correct_credentials [image/png 86783 bytes]

]]></system-out>
    <system-err><![CDATA[Starting ChromeDriver 91.0.4472.101 (af52a90bf87030dd1523486a1cd3ae25c5d76c9b-refs/branch-heads/4472@{#1462}) on port 23157
Only local connections are allowed.
Please see https://chromedriver.chromium.org/security-considerations for suggestions on keeping ChromeDriver safe.
ChromeDriver was started successfully.
Jul 18, 2021 7:57:47 PM org.openqa.selenium.remote.ProtocolHandshake createSession
INFO: Detected dialect: W3C
]]></system-err>
  </testcase>
</testsuite>